2025-03-28 12:37:10,942 - INFO - Application startup
2025-03-28 12:37:10,943 - INFO - Created responses.csv with header
2025-03-28 12:37:10,950 - INFO - Loaded 10 rows from data.csv
2025-03-28 12:37:10,998 - INFO - [31m[1mWARNING: This is a development server. Do not use it in a production deployment. Use a production WSGI server instead.[0m
 * Running on http://127.0.0.1:5000
2025-03-28 12:37:10,999 - INFO - [33mPress CTRL+C to quit[0m
2025-03-28 12:37:11,000 - INFO -  * Restarting with stat
2025-03-28 12:37:11,233 - INFO - Application startup
2025-03-28 12:37:11,233 - INFO - Loaded 10 rows from data.csv
2025-03-28 12:37:11,247 - WARNING -  * Debugger is active!
2025-03-28 12:37:11,249 - INFO -  * Debugger PIN: 105-187-912
2025-03-28 12:37:14,487 - INFO - 127.0.0.1 - - [28/Mar/2025 12:37:14] "GET /question/1 HTTP/1.1" 200 -
2025-03-28 12:37:14,750 - INFO - 127.0.0.1 - - [28/Mar/2025 12:37:14] "[33mGET /favicon.ico HTTP/1.1[0m" 404 -
2025-03-28 12:37:21,219 - INFO - 127.0.0.1 - - [28/Mar/2025 12:37:21] "GET / HTTP/1.1" 200 -
2025-03-28 12:37:25,095 - INFO - User 'Javad' logged in at 2025-03-28T12:37:25.095557 with ordering 'A_first'
2025-03-28 12:37:25,096 - INFO - 127.0.0.1 - - [28/Mar/2025 12:37:25] "[32mPOST / HTTP/1.1[0m" 302 -
2025-03-28 12:37:25,115 - INFO - 127.0.0.1 - - [28/Mar/2025 12:37:25] "GET /intro HTTP/1.1" 200 -
2025-03-28 12:37:26,126 - INFO - User 'Javad' moved from intro to questions
2025-03-28 12:37:26,126 - INFO - 127.0.0.1 - - [28/Mar/2025 12:37:26] "[32mPOST /intro HTTP/1.1[0m" 302 -
2025-03-28 12:37:26,134 - INFO - 127.0.0.1 - - [28/Mar/2025 12:37:26] "GET /question/0 HTTP/1.1" 200 -
2025-03-28 12:37:30,992 - INFO - User 'Javad' logged in at 2025-03-28T12:37:30.992060 with ordering 'B_first'
2025-03-28 12:37:30,993 - INFO - 127.0.0.1 - - [28/Mar/2025 12:37:30] "[32mPOST / HTTP/1.1[0m" 302 -
2025-03-28 12:37:31,000 - INFO - 127.0.0.1 - - [28/Mar/2025 12:37:31] "GET /intro HTTP/1.1" 200 -
2025-03-28 12:37:31,891 - INFO - User 'Javad' moved from intro to questions
2025-03-28 12:37:31,892 - INFO - 127.0.0.1 - - [28/Mar/2025 12:37:31] "[32mPOST /intro HTTP/1.1[0m" 302 -
2025-03-28 12:37:31,900 - INFO - 127.0.0.1 - - [28/Mar/2025 12:37:31] "GET /question/0 HTTP/1.1" 200 -
2025-03-28 12:42:06,435 - INFO -  * Detected change in 'D:\\OntoEval-main\\OntoEval\\app.py', reloading
2025-03-28 12:42:06,463 - INFO -  * Restarting with stat
2025-03-28 12:42:06,748 - INFO - Application startup
2025-03-28 12:42:06,748 - INFO - Loaded 10 rows from data.csv
2025-03-28 12:42:06,763 - WARNING -  * Debugger is active!
2025-03-28 12:42:06,765 - INFO -  * Debugger PIN: 105-187-912
2025-03-28 12:42:12,853 - INFO -  * Detected change in 'D:\\OntoEval-main\\OntoEval\\app.py', reloading
2025-03-28 12:42:12,892 - INFO -  * Restarting with stat
2025-03-28 12:42:13,199 - INFO - Application startup
2025-03-28 12:42:13,200 - INFO - Loaded 10 rows from data.csv
2025-03-28 12:42:13,222 - WARNING -  * Debugger is active!
2025-03-28 12:42:13,226 - INFO -  * Debugger PIN: 105-187-912
2025-03-28 12:42:15,288 - INFO -  * Detected change in 'D:\\OntoEval-main\\OntoEval\\app.py', reloading
2025-03-28 12:42:15,329 - INFO -  * Restarting with stat
2025-03-28 12:42:15,646 - INFO - Application startup
2025-03-28 12:42:15,646 - INFO - Loaded 10 rows from data.csv
2025-03-28 12:42:15,665 - WARNING -  * Debugger is active!
2025-03-28 12:42:15,667 - INFO -  * Debugger PIN: 105-187-912
2025-03-28 12:42:20,746 - INFO -  * Detected change in 'D:\\OntoEval-main\\OntoEval\\app.py', reloading
2025-03-28 12:42:20,772 - INFO -  * Restarting with stat
2025-03-28 12:42:21,046 - INFO - Application startup
2025-03-28 12:42:21,046 - INFO - Loaded 10 rows from data.csv
2025-03-28 12:42:21,060 - WARNING -  * Debugger is active!
2025-03-28 12:42:21,063 - INFO -  * Debugger PIN: 105-187-912
2025-03-28 12:42:26,140 - INFO -  * Detected change in 'D:\\OntoEval-main\\OntoEval\\app.py', reloading
2025-03-28 12:42:26,165 - INFO -  * Restarting with stat
2025-03-28 12:42:26,458 - INFO - Application startup
2025-03-28 12:42:26,458 - INFO - Loaded 10 rows from data.csv
2025-03-28 12:42:26,476 - WARNING -  * Debugger is active!
2025-03-28 12:42:26,478 - INFO -  * Debugger PIN: 105-187-912
2025-03-28 12:42:35,605 - INFO -  * Detected change in 'D:\\OntoEval-main\\OntoEval\\app.py', reloading
2025-03-28 12:42:35,631 - INFO -  * Restarting with stat
2025-03-28 12:42:35,898 - INFO - Application startup
2025-03-28 12:42:35,899 - INFO - Loaded 10 rows from data.csv
2025-03-28 12:42:35,913 - WARNING -  * Debugger is active!
2025-03-28 12:42:35,916 - INFO -  * Debugger PIN: 105-187-912
2025-03-28 12:42:42,008 - INFO -  * Detected change in 'D:\\OntoEval-main\\OntoEval\\app.py', reloading
2025-03-28 12:42:42,031 - INFO -  * Restarting with stat
2025-03-28 12:42:42,298 - INFO - Application startup
2025-03-28 12:42:42,298 - INFO - Loaded 10 rows from data.csv
2025-03-28 12:42:42,318 - WARNING -  * Debugger is active!
2025-03-28 12:42:42,320 - INFO -  * Debugger PIN: 105-187-912
2025-03-28 12:42:45,369 - INFO -  * Detected change in 'D:\\OntoEval-main\\OntoEval\\app.py', reloading
2025-03-28 12:42:45,396 - INFO -  * Restarting with stat
2025-03-28 12:42:45,680 - INFO - Application startup
2025-03-28 12:42:45,680 - INFO - Loaded 10 rows from data.csv
2025-03-28 12:42:45,695 - WARNING -  * Debugger is active!
2025-03-28 12:42:45,697 - INFO -  * Debugger PIN: 105-187-912
2025-03-28 12:42:47,740 - INFO -  * Detected change in 'D:\\OntoEval-main\\OntoEval\\app.py', reloading
2025-03-28 12:42:47,773 - INFO -  * Restarting with stat
2025-03-28 12:42:48,081 - INFO - Application startup
2025-03-28 12:42:48,081 - INFO - Loaded 10 rows from data.csv
2025-03-28 12:42:48,097 - WARNING -  * Debugger is active!
2025-03-28 12:42:48,100 - INFO -  * Debugger PIN: 105-187-912
2025-03-28 12:43:23,726 - INFO - 127.0.0.1 - - [28/Mar/2025 12:43:23] "GET /question/0 HTTP/1.1" 200 -
2025-03-28 12:43:53,789 - INFO -  * Detected change in 'D:\\OntoEval-main\\OntoEval\\app.py', reloading
2025-03-28 12:43:53,862 - INFO -  * Restarting with stat
2025-03-28 12:43:54,200 - INFO - Application startup
2025-03-28 12:43:54,200 - INFO - Loaded 10 rows from data.csv
2025-03-28 12:43:54,222 - WARNING -  * Debugger is active!
2025-03-28 12:43:54,225 - INFO -  * Debugger PIN: 105-187-912
2025-03-28 12:43:55,266 - INFO -  * Detected change in 'D:\\OntoEval-main\\OntoEval\\app.py', reloading
2025-03-28 12:43:55,295 - INFO -  * Restarting with stat
2025-03-28 12:43:55,583 - INFO - Application startup
2025-03-28 12:43:55,583 - INFO - Loaded 10 rows from data.csv
2025-03-28 12:43:55,598 - WARNING -  * Debugger is active!
2025-03-28 12:43:55,601 - INFO -  * Debugger PIN: 105-187-912
2025-03-28 12:44:00,652 - INFO - 127.0.0.1 - - [28/Mar/2025 12:44:00] "GET /question/0 HTTP/1.1" 200 -
2025-03-28 12:44:28,995 - INFO -  * Detected change in 'D:\\OntoEval-main\\OntoEval\\app.py', reloading
2025-03-28 12:44:29,017 - INFO -  * Restarting with stat
2025-03-28 12:45:51,426 - INFO - Application startup
2025-03-28 12:45:51,426 - INFO - Loaded 10 rows from data.csv
2025-03-28 12:45:51,452 - INFO - [31m[1mWARNING: This is a development server. Do not use it in a production deployment. Use a production WSGI server instead.[0m
 * Running on http://127.0.0.1:5000
2025-03-28 12:45:51,452 - INFO - [33mPress CTRL+C to quit[0m
2025-03-28 12:45:51,453 - INFO -  * Restarting with stat
2025-03-28 12:45:51,691 - INFO - Application startup
2025-03-28 12:45:51,692 - INFO - Loaded 10 rows from data.csv
2025-03-28 12:45:51,705 - WARNING -  * Debugger is active!
2025-03-28 12:45:51,708 - INFO -  * Debugger PIN: 105-187-912
2025-03-28 12:45:53,338 - INFO - 127.0.0.1 - - [28/Mar/2025 12:45:53] "GET /question/0 HTTP/1.1" 200 -
2025-03-28 12:46:39,259 - INFO -  * Detected change in 'D:\\OntoEval-main\\OntoEval\\app.py', reloading
2025-03-28 12:46:39,283 - INFO -  * Restarting with stat
2025-03-28 12:47:17,143 - INFO - Application startup
2025-03-28 12:47:17,143 - INFO - Loaded 10 rows from data.csv
2025-03-28 12:47:17,167 - INFO - [31m[1mWARNING: This is a development server. Do not use it in a production deployment. Use a production WSGI server instead.[0m
 * Running on http://127.0.0.1:5000
2025-03-28 12:47:17,167 - INFO - [33mPress CTRL+C to quit[0m
2025-03-28 12:47:17,168 - INFO -  * Restarting with stat
2025-03-28 12:47:17,413 - INFO - Application startup
2025-03-28 12:47:17,414 - INFO - Loaded 10 rows from data.csv
2025-03-28 12:47:17,427 - WARNING -  * Debugger is active!
2025-03-28 12:47:17,430 - INFO -  * Debugger PIN: 105-187-912
2025-03-28 12:47:18,626 - INFO - 127.0.0.1 - - [28/Mar/2025 12:47:18] "GET /question/0 HTTP/1.1" 200 -
2025-03-28 12:47:41,682 - INFO -  * Detected change in 'D:\\OntoEval-main\\OntoEval\\app.py', reloading
2025-03-28 12:47:41,708 - INFO -  * Restarting with stat
2025-03-28 12:47:41,992 - INFO - Application startup
2025-03-28 12:47:41,993 - INFO - Loaded 10 rows from data.csv
2025-03-28 12:47:42,009 - WARNING -  * Debugger is active!
2025-03-28 12:47:42,013 - INFO -  * Debugger PIN: 105-187-912
2025-03-28 12:48:43,788 - INFO -  * Detected change in 'D:\\OntoEval-main\\OntoEval\\app.py', reloading
2025-03-28 12:49:15,654 - INFO - Application startup
2025-03-28 12:49:15,654 - INFO - Loaded 10 rows from data.csv
2025-03-28 12:49:15,679 - INFO - [31m[1mWARNING: This is a development server. Do not use it in a production deployment. Use a production WSGI server instead.[0m
 * Running on http://127.0.0.1:5000
2025-03-28 12:49:15,679 - INFO - [33mPress CTRL+C to quit[0m
2025-03-28 12:49:15,680 - INFO -  * Restarting with stat
2025-03-28 12:49:15,930 - INFO - Application startup
2025-03-28 12:49:15,930 - INFO - Loaded 10 rows from data.csv
2025-03-28 12:49:15,945 - WARNING -  * Debugger is active!
2025-03-28 12:49:15,947 - INFO -  * Debugger PIN: 105-187-912
2025-03-28 12:49:16,593 - INFO - 127.0.0.1 - - [28/Mar/2025 12:49:16] "[35m[1mGET /question/0 HTTP/1.1[0m" 500 -
2025-03-28 12:49:16,701 - INFO - 127.0.0.1 - - [28/Mar/2025 12:49:16] "GET /question/0?__debugger__=yes&cmd=resource&f=style.css HTTP/1.1" 200 -
2025-03-28 12:49:16,714 - INFO - 127.0.0.1 - - [28/Mar/2025 12:49:16] "GET /question/0?__debugger__=yes&cmd=resource&f=debugger.js HTTP/1.1" 200 -
2025-03-28 12:49:16,771 - INFO - 127.0.0.1 - - [28/Mar/2025 12:49:16] "GET /question/0?__debugger__=yes&cmd=resource&f=console.png&s=9JTfwBEX2ASkT1RXu119 HTTP/1.1" 200 -
2025-03-28 12:49:16,913 - INFO - 127.0.0.1 - - [28/Mar/2025 12:49:16] "GET /question/0?__debugger__=yes&cmd=resource&f=console.png HTTP/1.1" 200 -
